<?xml version="1.0" encoding="UTF-8"?>
<!-- Generated by org.testng.reporters.JUnitXMLReporter -->
<testsuite ignored="0" hostname="rohith" failures="2" tests="2" name="Default test" time="1.544" errors="0" timestamp="2025-05-21T19:28:24 IST">
  <testcase classname="io.cucumber.testng.AbstractTestNGCucumberTests" name="runScenario" time="0.329">
    <failure type="java.lang.NullPointerException" message="Cannot invoke &amp;quot;org.openqa.selenium.WebDriver.get(String)&amp;quot; because &amp;quot;this.driver&amp;quot; is null">
      <![CDATA[java.lang.NullPointerException: Cannot invoke "org.openqa.selenium.WebDriver.get(String)" because "this.driver" is null
at StepDefinitions.BackGroundStepDefinitions.user_is_accessing_sauce_demo_login_page(BackGroundStepDefinitions.java:30)
at ✽.user is accessing sauce demo login page(file:///C:/Users/Rohith%20S%20J/eclipse-workspace/BDDCucumberFramework/src/test/resources/Background/backgrounddemo.feature:6)
]]>
    </failure>
  </testcase> <!-- runScenario -->
  <testcase classname="io.cucumber.testng.AbstractTestNGCucumberTests" name="runScenario" time="0.028">
    <failure type="java.lang.NullPointerException" message="Cannot invoke &amp;quot;org.openqa.selenium.WebDriver.get(String)&amp;quot; because &amp;quot;this.driver&amp;quot; is null">
      <![CDATA[java.lang.NullPointerException: Cannot invoke "org.openqa.selenium.WebDriver.get(String)" because "this.driver" is null
at StepDefinitions.BackGroundStepDefinitions.user_is_accessing_sauce_demo_login_page(BackGroundStepDefinitions.java:30)
at ✽.user is accessing sauce demo login page(file:///C:/Users/Rohith%20S%20J/eclipse-workspace/BDDCucumberFramework/src/test/resources/Background/backgrounddemo.feature:6)
]]>
    </failure>
  </testcase> <!-- runScenario -->
</testsuite> <!-- Default test -->
