<?xml version="1.0" encoding="UTF-8"?>
<testsuite xmlns:xsi="http://www.w3.org/2001/XMLSchema-instance" xsi:noNamespaceSchemaLocation="https://maven.apache.org/surefire/maven-surefire-plugin/xsd/surefire-test-report-3.0.xsd" version="3.0" name="TestRunner.CucumberTestRunner" time="180.28" tests="1" errors="0" skipped="0" failures="0">
  <properties>
[...]
</properties>
  <testcase name="runScenario[&quot;Check login is Successful with valid credentials&quot;, &quot;Login page Automation of saucedemo app&quot;](1)" classname="TestRunner.CucumberTestRunner" time="173.901">
    <system-out><![CDATA[
Scenario: Check login is Successful with valid credentials &amp#27;[90m# src/test/resources/Features/login.feature:4&amp#27;[0m
  &amp#27;[32mGiven &amp#27;[0m&amp#27;[32muser is on the login page&amp#27;[0m                          &amp#27;[90m# StepDefinitions.LoginStepDefinition.user_is_on_the_login_page()&amp#27;[0m
  &amp#27;[32mWhen &amp#27;[0m&amp#27;[32mthe user enters valid username and password&amp#27;[0m         &amp#27;[90m# StepDefinitions.LoginStepDefinition.the_user_enters_valid_username_and_password()&amp#27;[0m
  &amp#27;[32mAnd &amp#27;[0m&amp#27;[32mclicks on the login button&amp#27;[0m                           &amp#27;[90m# StepDefinitions.LoginStepDefinition.clicks_on_the_login_button()&amp#27;[0m
Swag Labs
  &amp#27;[32mThen &amp#27;[0m&amp#27;[32mthe user is navigate page&amp#27;[0m                           &amp#27;[90m# StepDefinitions.LoginStepDefinition.the_user_is_navigate_page()&amp#27;[0m
  &amp#27;[32mAnd &amp#27;[0m&amp#27;[32mclose the browser&amp#27;[0m                                    &amp#27;[90m# StepDefinitions.LoginStepDefinition.close_the_browser()&amp#27;[0m
]]></system-out>
  </testcase>
</testsuite>