<?xml version="1.0" encoding="UTF-8"?>
<testng-results ignored="0" total="2" passed="0" failed="2" skipped="0">
  <reporter-output>
  </reporter-output>
  <suite started-at="2025-05-21T19:28:22 IST" name="Default suite" finished-at="2025-05-21T19:28:24 IST" duration-ms="1544">
    <groups>
      <group name="cucumber">
        <method signature="AbstractTestNGCucumberTests.runScenario(io.cucumber.testng.PickleWrapper,io.cucumber.testng.FeatureWrapper)[pri:0, instance:TestRunner.CucumberBackground@302c971f]" name="runScenario" class="io.cucumber.testng.AbstractTestNGCucumberTests"/>
      </group> <!-- cucumber -->
    </groups>
    <test started-at="2025-05-21T19:28:22 IST" name="Default test" finished-at="2025-05-21T19:28:24 IST" duration-ms="1544">
      <class name="TestRunner.CucumberBackground">
        <test-method is-config="true" signature="setUpClass(org.testng.ITestContext)[pri:0, instance:TestRunner.CucumberBackground@302c971f]" started-at="2025-05-21T19:28:23 IST" name="setUpClass" finished-at="2025-05-21T19:28:24 IST" duration-ms="1049" status="PASS">
          <params>
            <param index="0">
              <value>
                <![CDATA[org.testng.TestRunner@1813f3e9]]>
              </value>
            </param>
          </params>
          <reporter-output>
          </reporter-output>
        </test-method> <!-- setUpClass -->
        <test-method signature="runScenario(io.cucumber.testng.PickleWrapper,io.cucumber.testng.FeatureWrapper)[pri:0, instance:TestRunner.CucumberBackground@302c971f]" started-at="2025-05-21T19:28:24 IST" name="runScenario" description="Runs Cucumber Scenarios" data-provider="scenarios" finished-at="2025-05-21T19:28:24 IST" duration-ms="329" status="FAIL">
          <params>
            <param index="0">
              <value>
                <![CDATA["Test Menu Items"]]>
              </value>
            </param>
            <param index="1">
              <value>
                <![CDATA["This is background demo"]]>
              </value>
            </param>
          </params>
          <exception class="java.lang.NullPointerException">
            <message>
              <![CDATA[Cannot invoke "org.openqa.selenium.WebDriver.get(String)" because "this.driver" is null]]>
            </message>
            <full-stacktrace>
              <![CDATA[java.lang.NullPointerException: Cannot invoke "org.openqa.selenium.WebDriver.get(String)" because "this.driver" is null
at StepDefinitions.BackGroundStepDefinitions.user_is_accessing_sauce_demo_login_page(BackGroundStepDefinitions.java:30)
at ✽.user is accessing sauce demo login page(file:///C:/Users/Rohith%20S%20J/eclipse-workspace/BDDCucumberFramework/src/test/resources/Background/backgrounddemo.feature:6)
]]>
            </full-stacktrace>
          </exception> <!-- java.lang.NullPointerException -->
          <reporter-output>
          </reporter-output>
        </test-method> <!-- runScenario -->
        <test-method signature="runScenario(io.cucumber.testng.PickleWrapper,io.cucumber.testng.FeatureWrapper)[pri:0, instance:TestRunner.CucumberBackground@302c971f]" started-at="2025-05-21T19:28:24 IST" name="runScenario" description="Runs Cucumber Scenarios" data-provider="scenarios" finished-at="2025-05-21T19:28:24 IST" duration-ms="28" status="FAIL">
          <params>
            <param index="0">
              <value>
                <![CDATA["Verify add to cart functionality"]]>
              </value>
            </param>
            <param index="1">
              <value>
                <![CDATA["This is background demo"]]>
              </value>
            </param>
          </params>
          <exception class="java.lang.NullPointerException">
            <message>
              <![CDATA[Cannot invoke "org.openqa.selenium.WebDriver.get(String)" because "this.driver" is null]]>
            </message>
            <full-stacktrace>
              <![CDATA[java.lang.NullPointerException: Cannot invoke "org.openqa.selenium.WebDriver.get(String)" because "this.driver" is null
at StepDefinitions.BackGroundStepDefinitions.user_is_accessing_sauce_demo_login_page(BackGroundStepDefinitions.java:30)
at ✽.user is accessing sauce demo login page(file:///C:/Users/Rohith%20S%20J/eclipse-workspace/BDDCucumberFramework/src/test/resources/Background/backgrounddemo.feature:6)
]]>
            </full-stacktrace>
          </exception> <!-- java.lang.NullPointerException -->
          <reporter-output>
          </reporter-output>
        </test-method> <!-- runScenario -->
        <test-method is-config="true" signature="tearDownClass()[pri:0, instance:TestRunner.CucumberBackground@302c971f]" started-at="2025-05-21T19:28:24 IST" name="tearDownClass" finished-at="2025-05-21T19:28:24 IST" duration-ms="46" status="PASS">
          <reporter-output>
          </reporter-output>
        </test-method> <!-- tearDownClass -->
      </class> <!-- TestRunner.CucumberBackground -->
    </test> <!-- Default test -->
  </suite> <!-- Default suite -->
</testng-results>
